<?xml version="1.0" encoding="utf-8"?><testsuites name="pytest tests"><testsuite name="pytest" errors="0" failures="0" skipped="0" tests="14" time="4.454" timestamp="2026-06-09T18:26:24.552565+00:00" hostname="agent-env-554f6ffe-1d18-4d5f-80bd-6177076da5ff"><testcase classname="backend.tests.test_analytics.TestAnalyticsAuth" name="test_unauthenticated_returns_401_or_403" time="0.358" /><testcase classname="backend.tests.test_analytics.TestAnalyticsAuth" name="test_employee_forbidden" time="1.715" /><testcase classname="backend.tests.test_analytics.TestAnalyticsShape" name="test_default_months_is_6_and_structure" time="0.585" /><testcase classname="backend.tests.test_analytics.TestAnalyticsShape" name="test_by_department_sorted_desc_and_only_positive" time="0.072" /><testcase classname="backend.tests.test_analytics.TestAnalyticsShape" name="test_by_employee_sorted_desc_and_aggregated" time="0.070" /><testcase classname="backend.tests.test_analytics.TestAnalyticsShape" name="test_by_month_chronological_and_yyyymm" time="0.075" /><testcase classname="backend.tests.test_analytics.TestAnalyticsShape" name="test_totals_employees_matches_by_employee_length" time="0.070" /><testcase classname="backend.tests.test_analytics.TestAnalyticsMonthsParam" name="test_months_3" time="0.071" /><testcase classname="backend.tests.test_analytics.TestAnalyticsMonthsParam" name="test_months_12" time="0.069" /><testcase classname="backend.tests.test_analytics.TestAnalyticsMonthsParam" name="test_months_clamped_high" time="0.067" /><testcase classname="backend.tests.test_analytics.TestAnalyticsMonthsParam" name="test_months_clamped_low" time="0.067" /><testcase classname="backend.tests.test_analytics.TestAnalyticsMonthsParam" name="test_months_negative_clamped" time="0.071" /><testcase classname="backend.tests.test_analytics.TestAnalyticsAggregation" name="test_seeded_dept_counts_visible_within_window" time="0.067" /><testcase classname="backend.tests.test_analytics.TestAnalyticsAggregation" name="test_months_1_only_current_month" time="1.007" /></testsuite></testsuites>