<?xml version="1.0" encoding="utf-8"?><testsuites name="pytest tests"><testsuite name="pytest" errors="0" failures="0" skipped="0" tests="16" time="3.807" timestamp="2026-06-09T18:32:37.617551+00:00" hostname="agent-env-554f6ffe-1d18-4d5f-80bd-6177076da5ff"><testcase classname="backend.tests.test_analytics_v2.TestAnalyticsV2Shape" name="test_new_fields_present" time="0.619" /><testcase classname="backend.tests.test_analytics_v2.TestAnalyticsV2Shape" name="test_previous_period_alignment_default" time="0.052" /><testcase classname="backend.tests.test_analytics_v2.TestAnalyticsV2Shape" name="test_previous_period_alignment_param[1]" time="0.053" /><testcase classname="backend.tests.test_analytics_v2.TestAnalyticsV2Shape" name="test_previous_period_alignment_param[3]" time="0.051" /><testcase classname="backend.tests.test_analytics_v2.TestAnalyticsV2Shape" name="test_previous_period_alignment_param[6]" time="0.064" /><testcase classname="backend.tests.test_analytics_v2.TestAnalyticsV2Shape" name="test_previous_period_alignment_param[12]" time="0.053" /><testcase classname="backend.tests.test_analytics_v2.TestAnalyticsExcludeAdmin" name="test_default_includes_admin" time="0.971" /><testcase classname="backend.tests.test_analytics_v2.TestAnalyticsExcludeAdmin" name="test_exclude_admin_true_filters_everywhere" time="0.120" /><testcase classname="backend.tests.test_analytics_v2.TestAnalyticsExcludeAdmin" name="test_exclude_admin_previous_totals_also_excludes" time="0.212" /><testcase classname="backend.tests.test_analytics_v2.TestAnalyticsExcludeAdmin" name="test_exclude_admin_only_employee_count_with_isolated_seed" time="0.410" /><testcase classname="backend.tests.test_analytics_v2.TestAnalyticsDeltas" name="test_delta_formula_correctness" time="0.054" /><testcase classname="backend.tests.test_analytics_v2.TestAnalyticsDeltas" name="test_delta_null_when_both_zero" time="0.055" /><testcase classname="backend.tests.test_analytics_v2.TestAnalyticsDeltas" name="test_delta_reflects_seeded_change_months3" time="0.053" /><testcase classname="backend.tests.test_analytics_v2.TestAnalyticsV2NoIdLeak" name="test_no_id_in_any_field_with_exclude_admin" time="0.223" /><testcase classname="backend.tests.test_analytics_v2.TestAnalyticsV2AuthUnchanged" name="test_unauthenticated_still_blocked" time="0.047" /><testcase classname="backend.tests.test_analytics_v2.TestAnalyticsV2AuthUnchanged" name="test_non_admin_still_403" time="0.682" /></testsuite></testsuites>