<?xml version="1.0" encoding="utf-8"?><testsuites name="pytest tests"><testsuite name="pytest" errors="0" failures="0" skipped="0" tests="19" time="4.863" timestamp="2026-06-09T18:20:35.733581+00:00" hostname="agent-env-554f6ffe-1d18-4d5f-80bd-6177076da5ff"><testcase classname="backend.tests.test_maintenance_api.TestAuth" name="test_login_admin_success" time="0.511" /><testcase classname="backend.tests.test_maintenance_api.TestAuth" name="test_login_wrong_credentials" time="0.293" /><testcase classname="backend.tests.test_maintenance_api.TestAuth" name="test_login_unknown_user" time="0.080" /><testcase classname="backend.tests.test_maintenance_api.TestAuth" name="test_me_with_token" time="0.349" /><testcase classname="backend.tests.test_maintenance_api.TestAuth" name="test_me_without_token" time="0.062" /><testcase classname="backend.tests.test_maintenance_api.TestAuth" name="test_me_invalid_token" time="0.059" /><testcase classname="backend.tests.test_maintenance_api.TestDepartments" name="test_departments_list" time="0.077" /><testcase classname="backend.tests.test_maintenance_api.TestEmployeesAdmin" name="test_create_and_list_employee" time="0.725" /><testcase classname="backend.tests.test_maintenance_api.TestEmployeesAdmin" name="test_duplicate_username_returns_400" time="0.087" /><testcase classname="backend.tests.test_maintenance_api.TestEmployeesAdmin" name="test_employee_cannot_access_admin" time="0.073" /><testcase classname="backend.tests.test_maintenance_api.TestEmployeesAdmin" name="test_delete_employee_flow" time="0.548" /><testcase classname="backend.tests.test_maintenance_api.TestActivities" name="test_create_activity_valid" time="0.069" /><testcase classname="backend.tests.test_maintenance_api.TestActivities" name="test_create_activity_invalid_dept" time="0.065" /><testcase classname="backend.tests.test_maintenance_api.TestActivities" name="test_my_activities_only_returns_own" time="0.065" /><testcase classname="backend.tests.test_maintenance_api.TestActivities" name="test_delete_own_activity" time="0.187" /><testcase classname="backend.tests.test_maintenance_api.TestActivities" name="test_non_owner_cannot_delete" time="0.925" /><testcase classname="backend.tests.test_maintenance_api.TestAdminReports" name="test_admin_activities_dept_filter" time="0.196" /><testcase classname="backend.tests.test_maintenance_api.TestAdminReports" name="test_weekly_report_default" time="0.062" /><testcase classname="backend.tests.test_maintenance_api.TestAdminReports" name="test_weekly_report_custom_week_start" time="0.260" /></testsuite></testsuites>